Hmm ... looks like a package
Converting parsed Rd's to LaTeX .......
Creating pdf output from LaTeX ...

This is pdfTeX, Version 3.141592653-2.6-1.40.26 (TeX Live 2024) (preloaded format=pdflatex)
 restricted \write18 enabled.
entering extended mode
LaTeX2e <2023-11-01> patch level 1
L3 programming layer <2024-04-11>
(./Rd2.tex
(/Users/a98455/Library/TinyTeX/texmf-dist/tex/latex/base/book.cls
Document Class: book 2023/05/17 v1.4n Standard LaTeX document class
(/Users/a98455/Library/TinyTeX/texmf-dist/tex/latex/base/bk10.clo)) (/Library/Frameworks/R.framework/Resources/share/texmf/tex/latex/Rd.sty (/Users/a98455/Library/TinyTeX/texmf-dist/tex/latex/base/ifthen.sty) (/Users/a98455/Library/TinyTeX/texmf-dist/tex/latex/tools/longtable.sty) (/Users/a98455/Library/TinyTeX/texmf-dist/tex/latex/tools/bm.sty) (/Users/a98455/Library/TinyTeX/texmf-dist/tex/latex/base/alltt.sty) (/Users/a98455/Library/TinyTeX/texmf-dist/tex/latex/tools/verbatim.sty) (/Users/a98455/Library/TinyTeX/texmf-dist/tex/latex/url/url.sty) (/Users/a98455/Library/TinyTeX/texmf-dist/tex/latex/base/textcomp.sty) (/Users/a98455/Library/TinyTeX/texmf-dist/tex/latex/amsmath/amsmath.sty
For additional information on amsmath, use the `?' option.
(/Users/a98455/Library/TinyTeX/texmf-dist/tex/latex/amsmath/amstext.sty (/Users/a98455/Library/TinyTeX/texmf-dist/tex/latex/amsmath/amsgen.sty)) (/Users/a98455/Library/TinyTeX/texmf-dist/tex/latex/amsmath/amsbsy.sty) (/Users/a98455/Library/TinyTeX/texmf-dist/tex/latex/amsmath/amsopn.sty)) (/Users/a98455/Library/TinyTeX/texmf-dist/tex/latex/amsfonts/amsfonts.sty) (/Users/a98455/Library/TinyTeX/texmf-dist/tex/latex/amsfonts/amssymb.sty) (/Users/a98455/Library/TinyTeX/texmf-dist/tex/latex/amsfonts/eucal.sty) (/Users/a98455/Library/TinyTeX/texmf-dist/tex/generic/iftex/iftex.sty) (/Users/a98455/Library/TinyTeX/texmf-dist/tex/latex/base/fontenc.sty) (/Users/a98455/Library/TinyTeX/texmf-dist/tex/latex/psnfss/times.sty) (/Users/a98455/Library/TinyTeX/texmf-dist/tex/latex/inconsolata/zi4.sty `inconsolata-zi4' v1.12, 2019/05/17 Text macros for Inconsolata (msharpe) (/Users/a98455/Library/TinyTeX/texmf-dist/tex/latex/xkeyval/xkeyval.sty (/Users/a98455/Library/TinyTeX/texmf-dist/tex/generic/xkeyval/xkeyval.tex (/Users/a98455/Library/TinyTeX/texmf-dist/tex/generic/xkeyval/xkvutils.tex (/Users/a98455/Library/TinyTeX/texmf-dist/tex/generic/xkeyval/keyval.tex))))) (/Users/a98455/Library/TinyTeX/texmf-dist/tex/latex/graphics/color.sty (/Users/a98455/Library/TinyTeX/texmf-dist/tex/latex/graphics-cfg/color.cfg) (/Users/a98455/Library/TinyTeX/texmf-dist/tex/latex/graphics-def/pdftex.def) (/Users/a98455/Library/TinyTeX/texmf-dist/tex/latex/graphics/mathcolor.ltx)) (/Users/a98455/Library/TinyTeX/texmf-dist/tex/latex/hyperref/hyperref.sty (/Users/a98455/Library/TinyTeX/texmf-dist/tex/latex/kvsetkeys/kvsetkeys.sty) (/Users/a98455/Library/TinyTeX/texmf-dist/tex/generic/kvdefinekeys/kvdefinekeys.sty) (/Users/a98455/Library/TinyTeX/texmf-dist/tex/generic/pdfescape/pdfescape.sty (/Users/a98455/Library/TinyTeX/texmf-dist/tex/generic/ltxcmds/ltxcmds.sty) (/Users/a98455/Library/TinyTeX/texmf-dist/tex/generic/pdftexcmds/pdftexcmds.sty (/Users/a98455/Library/TinyTeX/texmf-dist/tex/generic/infwarerr/infwarerr.sty))) (/Users/a98455/Library/TinyTeX/texmf-dist/tex/latex/hycolor/hycolor.sty) (/Users/a98455/Library/TinyTeX/texmf-dist/tex/latex/auxhook/auxhook.sty) (/Users/a98455/Library/TinyTeX/texmf-dist/tex/latex/hyperref/nameref.sty (/Users/a98455/Library/TinyTeX/texmf-dist/tex/latex/refcount/refcount.sty) (/Users/a98455/Library/TinyTeX/texmf-dist/tex/generic/gettitlestring/gettitlestring.sty (/Users/a98455/Library/TinyTeX/texmf-dist/tex/latex/kvoptions/kvoptions.sty))) (/Users/a98455/Library/TinyTeX/texmf-dist/tex/latex/etoolbox/etoolbox.sty) (/Users/a98455/Library/TinyTeX/texmf-dist/tex/latex/hyperref/pd1enc.def) (/Users/a98455/Library/TinyTeX/texmf-dist/tex/generic/intcalc/intcalc.sty) (/Users/a98455/Library/TinyTeX/texmf-dist/tex/latex/hyperref/puenc.def) (/Users/a98455/Library/TinyTeX/texmf-dist/tex/generic/bitset/bitset.sty (/Users/a98455/Library/TinyTeX/texmf-dist/tex/generic/bigintcalc/bigintcalc.sty)) (/Users/a98455/Library/TinyTeX/texmf-dist/tex/latex/base/atbegshi-ltx.sty)) (/Users/a98455/Library/TinyTeX/texmf-dist/tex/latex/hyperref/hpdftex.def (/Users/a98455/Library/TinyTeX/texmf-dist/tex/latex/base/atveryend-ltx.sty) (/Users/a98455/Library/TinyTeX/texmf-dist/tex/latex/rerunfilecheck/rerunfilecheck.sty (/Users/a98455/Library/TinyTeX/texmf-dist/tex/generic/uniquecounter/uniquecounter.sty)))) (/Users/a98455/Library/TinyTeX/texmf-dist/tex/latex/base/makeidx.sty) (/Users/a98455/Library/TinyTeX/texmf-dist/tex/latex/base/inputenc.sty)
Writing index file Rd2.idx
(/Users/a98455/Library/TinyTeX/texmf-dist/tex/latex/psnfss/t1ptm.fd) (/Users/a98455/Library/TinyTeX/texmf-dist/tex/latex/l3backend/l3backend-pdftex.def)
No file Rd2.aux.
(/Users/a98455/Library/TinyTeX/texmf-dist/tex/latex/inconsolata/t1zi4.fd) (/Users/a98455/Library/TinyTeX/texmf-dist/tex/latex/psnfss/ts1ptm.fd) (/Users/a98455/Library/TinyTeX/texmf-dist/tex/latex/amsfonts/umsa.fd) (/Users/a98455/Library/TinyTeX/texmf-dist/tex/latex/amsfonts/umsb.fd) (/Users/a98455/Library/TinyTeX/texmf-dist/tex/latex/psnfss/t1phv.fd)
No file Rd2.toc.
[1{/Users/a98455/Library/TinyTeX/texmf-var/fonts/map/pdftex/updmap/pdftex.map}{/Users/a98455/Library/TinyTeX/texmf-dist/fonts/enc/dvips/base/8r.enc}{/Users/a98455/Library/TinyTeX/texmf-dist/fonts/enc/dvips/inconsolata/i4-t1-0.enc}] (/Users/a98455/Library/TinyTeX/texmf-dist/tex/latex/inconsolata/ts1zi4.fd) [2{/Users/a98455/Library/TinyTeX/texmf-dist/fonts/enc/dvips/inconsolata/i4-ts1.enc}] [3]
Overfull \hbox (23.98804pt too wide) in paragraph at lines 179--181
[]\T1/ptm/m/n/10 Numeric scalar giv-ing the re-stric-tion hori-zon for RMST. Must not ex-ceed []\T1/zi4/m/n/10 max(times)[]\T1/ptm/m/n/10 . 
[4] [5]
Overfull \hbox (9.37666pt too wide) in paragraph at lines 323--325
[]\T1/ptm/m/n/10 A nu-meric ma-trix of pre-dicted sur-vival prob-a-bil-i-ties (rows = ob-ser-va-tions, columns
[6] [7] [8] [9] [10] [11] [12] [13] [14] [15] [16] [17] [18] [19] [20] [21] [22] [23] [24] [25] [26] [27] [28] [29] [30] [31] [32] [33] [34] [35] [36] [37] [38] [39] [40] [41] [42] [43] [44] [45] [46] [47] [48] [49] [50] [51] [52]
Overfull \hbox (2.7075pt too wide) in paragraph at lines 3112--3113
[]\T1/zi4/m/n/10 event.library.predict[]\T1/ptm/m/n/10 : 3D ar-ray of cross-validated pre-dic-tions from in-di-vid-ual event learn-
[53] [54] [55] [56]
Overfull \hbox (3.96735pt too wide) in paragraph at lines 3413--3415
[]\T1/ptm/m/n/10 Final Pro-duc-tion Wrap-per for Cox-Boost (Tun-able & Ro-bust). Es-ti-mates a Cox model via component-
[57] [58] [59] [60] [61] [62] [63] [64] [65] [66] [67] [68] [69] [70] [71] [72] [73] [74] [75] [76] [77] [78]
No file Rd2.ind.
[79] (/private/var/folders/qs/v17ycjlj49v4jk35kb16_ypm0000gn/T/Rtmpnr4QXz/Rd2pdf8b61458d1bf1/Rd2.aux)

Package rerunfilecheck Warning: File `Rd2.out' has changed.
(rerunfilecheck)                Rerun to get outlines right
(rerunfilecheck)                or use package `bookmark'.

 )
(see the transcript file for additional information)
pdfTeX warning (dest): name{Rfn.xgb.train} has been referenced but does not exist, replaced by a fixed one


pdfTeX warning (dest): name{Rfn.survivalsvm} has been referenced but does not exist, replaced by a fixed one


pdfTeX warning (dest): name{Rfn.rpart.control} has been referenced but does not exist, replaced by a fixed one


pdfTeX warning (dest): name{Rfn.rpart} has been referenced but does not exist, replaced by a fixed one


pdfTeX warning (dest): name{Rfn.ranger} has been referenced but does not exist, replaced by a fixed one


pdfTeX warning (dest): name{Rfn.survreg} has been referenced but does not exist, replaced by a fixed one


pdfTeX warning (dest): name{Rfn.survfit} has been referenced but does not exist, replaced by a fixed one


pdfTeX warning (dest): name{Rfn.gbm} has been referenced but does not exist, replaced by a fixed one


pdfTeX warning (dest): name{Rfn.gam} has been referenced but does not exist, replaced by a fixed one


pdfTeX warning (dest): name{Rfn.coxph} has been referenced but does not exist, replaced by a fixed one


pdfTeX warning (dest): name{Rfn.CoxBoost} has been referenced but does not exist, replaced by a fixed one


pdfTeX warning (dest): name{Rfn.mc.surv.bart} has been referenced but does not exist, replaced by a fixed one


pdfTeX warning (dest): name{Rfn.orsf} has been referenced but does not exist, replaced by a fixed one


pdfTeX warning (dest): name{Rfn.rfsrc} has been referenced but does not exist, replaced by a fixed one


pdfTeX warning (dest): name{Rfn.cv.glmnet} has been referenced but does not exist, replaced by a fixed one


pdfTeX warning (dest): name{Rfn.explain.Rul.survival} has been referenced but does not exist, replaced by a fixed one

</Users/a98455/Library/TinyTeX/texmf-dist/fonts/type1/public/inconsolata/Inconsolata-zi4r.pfb></Users/a98455/Library/TinyTeX/texmf-dist/fonts/type1/public/amsfonts/cm/cmex10.pfb></Users/a98455/Library/TinyTeX/texmf-dist/fonts/type1/public/amsfonts/cm/cmmi10.pfb></Users/a98455/Library/TinyTeX/texmf-dist/fonts/type1/public/amsfonts/cm/cmmi7.pfb></Users/a98455/Library/TinyTeX/texmf-dist/fonts/type1/public/amsfonts/cm/cmr10.pfb></Users/a98455/Library/TinyTeX/texmf-dist/fonts/type1/urw/helvetic/uhvr8a.pfb></Users/a98455/Library/TinyTeX/texmf-dist/fonts/type1/urw/times/utmb8a.pfb></Users/a98455/Library/TinyTeX/texmf-dist/fonts/type1/urw/times/utmr8a.pfb></Users/a98455/Library/TinyTeX/texmf-dist/fonts/type1/urw/times/utmr8a.pfb></Users/a98455/Library/TinyTeX/texmf-dist/fonts/type1/urw/times/utmri8a.pfb>
Output written on Rd2.pdf (79 pages, 249452 bytes).
Transcript written on Rd2.log.
This is makeindex, version 2.17 [TeX Live 2024] (kpathsea + Thai support).
Scanning input file Rd2.idx....done (104 entries accepted, 0 rejected).
Sorting entries....done (739 comparisons).
Generating output file Rd2.ind....done (140 lines written, 0 warnings).
Output written in Rd2.ind.
Transcript written in Rd2.ilg.
This is pdfTeX, Version 3.141592653-2.6-1.40.26 (TeX Live 2024) (preloaded format=pdflatex)
 restricted \write18 enabled.
entering extended mode
LaTeX2e <2023-11-01> patch level 1
L3 programming layer <2024-04-11>
(./Rd2.tex
(/Users/a98455/Library/TinyTeX/texmf-dist/tex/latex/base/book.cls
Document Class: book 2023/05/17 v1.4n Standard LaTeX document class
(/Users/a98455/Library/TinyTeX/texmf-dist/tex/latex/base/bk10.clo)) (/Library/Frameworks/R.framework/Resources/share/texmf/tex/latex/Rd.sty (/Users/a98455/Library/TinyTeX/texmf-dist/tex/latex/base/ifthen.sty) (/Users/a98455/Library/TinyTeX/texmf-dist/tex/latex/tools/longtable.sty) (/Users/a98455/Library/TinyTeX/texmf-dist/tex/latex/tools/bm.sty) (/Users/a98455/Library/TinyTeX/texmf-dist/tex/latex/base/alltt.sty) (/Users/a98455/Library/TinyTeX/texmf-dist/tex/latex/tools/verbatim.sty) (/Users/a98455/Library/TinyTeX/texmf-dist/tex/latex/url/url.sty) (/Users/a98455/Library/TinyTeX/texmf-dist/tex/latex/base/textcomp.sty) (/Users/a98455/Library/TinyTeX/texmf-dist/tex/latex/amsmath/amsmath.sty
For additional information on amsmath, use the `?' option.
(/Users/a98455/Library/TinyTeX/texmf-dist/tex/latex/amsmath/amstext.sty (/Users/a98455/Library/TinyTeX/texmf-dist/tex/latex/amsmath/amsgen.sty)) (/Users/a98455/Library/TinyTeX/texmf-dist/tex/latex/amsmath/amsbsy.sty) (/Users/a98455/Library/TinyTeX/texmf-dist/tex/latex/amsmath/amsopn.sty)) (/Users/a98455/Library/TinyTeX/texmf-dist/tex/latex/amsfonts/amsfonts.sty) (/Users/a98455/Library/TinyTeX/texmf-dist/tex/latex/amsfonts/amssymb.sty) (/Users/a98455/Library/TinyTeX/texmf-dist/tex/latex/amsfonts/eucal.sty) (/Users/a98455/Library/TinyTeX/texmf-dist/tex/generic/iftex/iftex.sty) (/Users/a98455/Library/TinyTeX/texmf-dist/tex/latex/base/fontenc.sty) (/Users/a98455/Library/TinyTeX/texmf-dist/tex/latex/psnfss/times.sty) (/Users/a98455/Library/TinyTeX/texmf-dist/tex/latex/inconsolata/zi4.sty `inconsolata-zi4' v1.12, 2019/05/17 Text macros for Inconsolata (msharpe) (/Users/a98455/Library/TinyTeX/texmf-dist/tex/latex/xkeyval/xkeyval.sty (/Users/a98455/Library/TinyTeX/texmf-dist/tex/generic/xkeyval/xkeyval.tex (/Users/a98455/Library/TinyTeX/texmf-dist/tex/generic/xkeyval/xkvutils.tex (/Users/a98455/Library/TinyTeX/texmf-dist/tex/generic/xkeyval/keyval.tex))))) (/Users/a98455/Library/TinyTeX/texmf-dist/tex/latex/graphics/color.sty (/Users/a98455/Library/TinyTeX/texmf-dist/tex/latex/graphics-cfg/color.cfg) (/Users/a98455/Library/TinyTeX/texmf-dist/tex/latex/graphics-def/pdftex.def) (/Users/a98455/Library/TinyTeX/texmf-dist/tex/latex/graphics/mathcolor.ltx)) (/Users/a98455/Library/TinyTeX/texmf-dist/tex/latex/hyperref/hyperref.sty (/Users/a98455/Library/TinyTeX/texmf-dist/tex/latex/kvsetkeys/kvsetkeys.sty) (/Users/a98455/Library/TinyTeX/texmf-dist/tex/generic/kvdefinekeys/kvdefinekeys.sty) (/Users/a98455/Library/TinyTeX/texmf-dist/tex/generic/pdfescape/pdfescape.sty (/Users/a98455/Library/TinyTeX/texmf-dist/tex/generic/ltxcmds/ltxcmds.sty) (/Users/a98455/Library/TinyTeX/texmf-dist/tex/generic/pdftexcmds/pdftexcmds.sty (/Users/a98455/Library/TinyTeX/texmf-dist/tex/generic/infwarerr/infwarerr.sty))) (/Users/a98455/Library/TinyTeX/texmf-dist/tex/latex/hycolor/hycolor.sty) (/Users/a98455/Library/TinyTeX/texmf-dist/tex/latex/auxhook/auxhook.sty) (/Users/a98455/Library/TinyTeX/texmf-dist/tex/latex/hyperref/nameref.sty (/Users/a98455/Library/TinyTeX/texmf-dist/tex/latex/refcount/refcount.sty) (/Users/a98455/Library/TinyTeX/texmf-dist/tex/generic/gettitlestring/gettitlestring.sty (/Users/a98455/Library/TinyTeX/texmf-dist/tex/latex/kvoptions/kvoptions.sty))) (/Users/a98455/Library/TinyTeX/texmf-dist/tex/latex/etoolbox/etoolbox.sty) (/Users/a98455/Library/TinyTeX/texmf-dist/tex/latex/hyperref/pd1enc.def) (/Users/a98455/Library/TinyTeX/texmf-dist/tex/generic/intcalc/intcalc.sty) (/Users/a98455/Library/TinyTeX/texmf-dist/tex/latex/hyperref/puenc.def) (/Users/a98455/Library/TinyTeX/texmf-dist/tex/generic/bitset/bitset.sty (/Users/a98455/Library/TinyTeX/texmf-dist/tex/generic/bigintcalc/bigintcalc.sty)) (/Users/a98455/Library/TinyTeX/texmf-dist/tex/latex/base/atbegshi-ltx.sty)) (/Users/a98455/Library/TinyTeX/texmf-dist/tex/latex/hyperref/hpdftex.def (/Users/a98455/Library/TinyTeX/texmf-dist/tex/latex/base/atveryend-ltx.sty) (/Users/a98455/Library/TinyTeX/texmf-dist/tex/latex/rerunfilecheck/rerunfilecheck.sty (/Users/a98455/Library/TinyTeX/texmf-dist/tex/generic/uniquecounter/uniquecounter.sty)))) (/Users/a98455/Library/TinyTeX/texmf-dist/tex/latex/base/makeidx.sty) (/Users/a98455/Library/TinyTeX/texmf-dist/tex/latex/base/inputenc.sty)
Writing index file Rd2.idx
(/Users/a98455/Library/TinyTeX/texmf-dist/tex/latex/psnfss/t1ptm.fd) (/Users/a98455/Library/TinyTeX/texmf-dist/tex/latex/l3backend/l3backend-pdftex.def) (/private/var/folders/qs/v17ycjlj49v4jk35kb16_ypm0000gn/T/Rtmpnr4QXz/Rd2pdf8b61458d1bf1/Rd2.aux) (/private/var/folders/qs/v17ycjlj49v4jk35kb16_ypm0000gn/T/Rtmpnr4QXz/Rd2pdf8b61458d1bf1/Rd2.out) (/private/var/folders/qs/v17ycjlj49v4jk35kb16_ypm0000gn/T/Rtmpnr4QXz/Rd2pdf8b61458d1bf1/Rd2.out) (/Users/a98455/Library/TinyTeX/texmf-dist/tex/latex/inconsolata/t1zi4.fd) (/Users/a98455/Library/TinyTeX/texmf-dist/tex/latex/psnfss/ts1ptm.fd) (/Users/a98455/Library/TinyTeX/texmf-dist/tex/latex/amsfonts/umsa.fd) (/Users/a98455/Library/TinyTeX/texmf-dist/tex/latex/amsfonts/umsb.fd) (/Users/a98455/Library/TinyTeX/texmf-dist/tex/latex/psnfss/t1phv.fd) (/private/var/folders/qs/v17ycjlj49v4jk35kb16_ypm0000gn/T/Rtmpnr4QXz/Rd2pdf8b61458d1bf1/Rd2.toc [1{/Users/a98455/Library/TinyTeX/texmf-var/fonts/map/pdftex/updmap/pdftex.map}{/Users/a98455/Library/TinyTeX/texmf-dist/fonts/enc/dvips/base/8r.enc}{/Users/a98455/Library/TinyTeX/texmf-dist/fonts/enc/dvips/inconsolata/i4-t1-0.enc}] [2]) (/Users/a98455/Library/TinyTeX/texmf-dist/tex/latex/inconsolata/ts1zi4.fd) [3{/Users/a98455/Library/TinyTeX/texmf-dist/fonts/enc/dvips/inconsolata/i4-ts1.enc}] [4]
Overfull \hbox (23.98804pt too wide) in paragraph at lines 179--181
[]\T1/ptm/m/n/10 Numeric scalar giv-ing the re-stric-tion hori-zon for RMST. Must not ex-ceed []\T1/zi4/m/n/10 max(times)[]\T1/ptm/m/n/10 . 
[5] [6]
Overfull \hbox (9.37666pt too wide) in paragraph at lines 323--325
[]\T1/ptm/m/n/10 A nu-meric ma-trix of pre-dicted sur-vival prob-a-bil-i-ties (rows = ob-ser-va-tions, columns
[7] [8] [9] [10] [11] [12] [13] [14] [15] [16] [17] [18] [19] [20] [21] [22] [23] [24] [25] [26] [27] [28] [29] [30] [31] [32] [33] [34] [35] [36] [37] [38] [39] [40] [41] [42] [43] [44] [45] [46] [47] [48] [49] [50] [51] [52] [53]
Overfull \hbox (2.7075pt too wide) in paragraph at lines 3112--3113
[]\T1/zi4/m/n/10 event.library.predict[]\T1/ptm/m/n/10 : 3D ar-ray of cross-validated pre-dic-tions from in-di-vid-ual event learn-
[54] [55] [56] [57]
Overfull \hbox (3.96735pt too wide) in paragraph at lines 3413--3415
[]\T1/ptm/m/n/10 Final Pro-duc-tion Wrap-per for Cox-Boost (Tun-able & Ro-bust). Es-ti-mates a Cox model via component-
[58] [59] [60] [61] [62] [63] [64] [65] [66] [67] [68] [69] [70] [71] [72] [73] [74] [75] [76] [77] [78] [79] (/private/var/folders/qs/v17ycjlj49v4jk35kb16_ypm0000gn/T/Rtmpnr4QXz/Rd2pdf8b61458d1bf1/Rd2.ind [80]

LaTeX Font Warning: Font shape `T1/zi4/m/it' undefined
(Font)              using `T1/zi4/m/n' instead on input line 13.

[81] [82]) (/private/var/folders/qs/v17ycjlj49v4jk35kb16_ypm0000gn/T/Rtmpnr4QXz/Rd2pdf8b61458d1bf1/Rd2.aux)

LaTeX Font Warning: Some font shapes were not available, defaults substituted.


Package rerunfilecheck Warning: File `Rd2.out' has changed.
(rerunfilecheck)                Rerun to get outlines right
(rerunfilecheck)                or use package `bookmark'.

 )
(see the transcript file for additional information)
pdfTeX warning (dest): name{Rfn.xgb.train} has been referenced but does not exist, replaced by a fixed one


pdfTeX warning (dest): name{Rfn.survivalsvm} has been referenced but does not exist, replaced by a fixed one


pdfTeX warning (dest): name{Rfn.rpart.control} has been referenced but does not exist, replaced by a fixed one


pdfTeX warning (dest): name{Rfn.rpart} has been referenced but does not exist, replaced by a fixed one


pdfTeX warning (dest): name{Rfn.ranger} has been referenced but does not exist, replaced by a fixed one


pdfTeX warning (dest): name{Rfn.survreg} has been referenced but does not exist, replaced by a fixed one


pdfTeX warning (dest): name{Rfn.survfit} has been referenced but does not exist, replaced by a fixed one


pdfTeX warning (dest): name{Rfn.gbm} has been referenced but does not exist, replaced by a fixed one


pdfTeX warning (dest): name{Rfn.gam} has been referenced but does not exist, replaced by a fixed one


pdfTeX warning (dest): name{Rfn.coxph} has been referenced but does not exist, replaced by a fixed one


pdfTeX warning (dest): name{Rfn.CoxBoost} has been referenced but does not exist, replaced by a fixed one


pdfTeX warning (dest): name{Rfn.mc.surv.bart} has been referenced but does not exist, replaced by a fixed one


pdfTeX warning (dest): name{Rfn.orsf} has been referenced but does not exist, replaced by a fixed one


pdfTeX warning (dest): name{Rfn.rfsrc} has been referenced but does not exist, replaced by a fixed one


pdfTeX warning (dest): name{Rfn.cv.glmnet} has been referenced but does not exist, replaced by a fixed one


pdfTeX warning (dest): name{Rfn.explain.Rul.survival} has been referenced but does not exist, replaced by a fixed one

</Users/a98455/Library/TinyTeX/texmf-dist/fonts/type1/public/inconsolata/Inconsolata-zi4r.pfb></Users/a98455/Library/TinyTeX/texmf-dist/fonts/type1/public/amsfonts/cm/cmex10.pfb></Users/a98455/Library/TinyTeX/texmf-dist/fonts/type1/public/amsfonts/cm/cmmi10.pfb></Users/a98455/Library/TinyTeX/texmf-dist/fonts/type1/public/amsfonts/cm/cmmi7.pfb></Users/a98455/Library/TinyTeX/texmf-dist/fonts/type1/public/amsfonts/cm/cmr10.pfb></Users/a98455/Library/TinyTeX/texmf-dist/fonts/type1/public/amsfonts/cm/cmsy10.pfb></Users/a98455/Library/TinyTeX/texmf-dist/fonts/type1/urw/helvetic/uhvr8a.pfb></Users/a98455/Library/TinyTeX/texmf-dist/fonts/type1/urw/times/utmb8a.pfb></Users/a98455/Library/TinyTeX/texmf-dist/fonts/type1/urw/times/utmr8a.pfb></Users/a98455/Library/TinyTeX/texmf-dist/fonts/type1/urw/times/utmr8a.pfb></Users/a98455/Library/TinyTeX/texmf-dist/fonts/type1/urw/times/utmri8a.pfb>
Output written on Rd2.pdf (82 pages, 273910 bytes).
Transcript written on Rd2.log.
This is makeindex, version 2.17 [TeX Live 2024] (kpathsea + Thai support).
Scanning input file Rd2.idx....done (104 entries accepted, 0 rejected).
Sorting entries....done (739 comparisons).
Generating output file Rd2.ind....done (140 lines written, 0 warnings).
Output written in Rd2.ind.
Transcript written in Rd2.ilg.
This is pdfTeX, Version 3.141592653-2.6-1.40.26 (TeX Live 2024) (preloaded format=pdflatex)
 restricted \write18 enabled.
entering extended mode
LaTeX2e <2023-11-01> patch level 1
L3 programming layer <2024-04-11>
(./Rd2.tex
(/Users/a98455/Library/TinyTeX/texmf-dist/tex/latex/base/book.cls
Document Class: book 2023/05/17 v1.4n Standard LaTeX document class
(/Users/a98455/Library/TinyTeX/texmf-dist/tex/latex/base/bk10.clo)) (/Library/Frameworks/R.framework/Resources/share/texmf/tex/latex/Rd.sty (/Users/a98455/Library/TinyTeX/texmf-dist/tex/latex/base/ifthen.sty) (/Users/a98455/Library/TinyTeX/texmf-dist/tex/latex/tools/longtable.sty) (/Users/a98455/Library/TinyTeX/texmf-dist/tex/latex/tools/bm.sty) (/Users/a98455/Library/TinyTeX/texmf-dist/tex/latex/base/alltt.sty) (/Users/a98455/Library/TinyTeX/texmf-dist/tex/latex/tools/verbatim.sty) (/Users/a98455/Library/TinyTeX/texmf-dist/tex/latex/url/url.sty) (/Users/a98455/Library/TinyTeX/texmf-dist/tex/latex/base/textcomp.sty) (/Users/a98455/Library/TinyTeX/texmf-dist/tex/latex/amsmath/amsmath.sty
For additional information on amsmath, use the `?' option.
(/Users/a98455/Library/TinyTeX/texmf-dist/tex/latex/amsmath/amstext.sty (/Users/a98455/Library/TinyTeX/texmf-dist/tex/latex/amsmath/amsgen.sty)) (/Users/a98455/Library/TinyTeX/texmf-dist/tex/latex/amsmath/amsbsy.sty) (/Users/a98455/Library/TinyTeX/texmf-dist/tex/latex/amsmath/amsopn.sty)) (/Users/a98455/Library/TinyTeX/texmf-dist/tex/latex/amsfonts/amsfonts.sty) (/Users/a98455/Library/TinyTeX/texmf-dist/tex/latex/amsfonts/amssymb.sty) (/Users/a98455/Library/TinyTeX/texmf-dist/tex/latex/amsfonts/eucal.sty) (/Users/a98455/Library/TinyTeX/texmf-dist/tex/generic/iftex/iftex.sty) (/Users/a98455/Library/TinyTeX/texmf-dist/tex/latex/base/fontenc.sty) (/Users/a98455/Library/TinyTeX/texmf-dist/tex/latex/psnfss/times.sty) (/Users/a98455/Library/TinyTeX/texmf-dist/tex/latex/inconsolata/zi4.sty `inconsolata-zi4' v1.12, 2019/05/17 Text macros for Inconsolata (msharpe) (/Users/a98455/Library/TinyTeX/texmf-dist/tex/latex/xkeyval/xkeyval.sty (/Users/a98455/Library/TinyTeX/texmf-dist/tex/generic/xkeyval/xkeyval.tex (/Users/a98455/Library/TinyTeX/texmf-dist/tex/generic/xkeyval/xkvutils.tex (/Users/a98455/Library/TinyTeX/texmf-dist/tex/generic/xkeyval/keyval.tex))))) (/Users/a98455/Library/TinyTeX/texmf-dist/tex/latex/graphics/color.sty (/Users/a98455/Library/TinyTeX/texmf-dist/tex/latex/graphics-cfg/color.cfg) (/Users/a98455/Library/TinyTeX/texmf-dist/tex/latex/graphics-def/pdftex.def) (/Users/a98455/Library/TinyTeX/texmf-dist/tex/latex/graphics/mathcolor.ltx)) (/Users/a98455/Library/TinyTeX/texmf-dist/tex/latex/hyperref/hyperref.sty (/Users/a98455/Library/TinyTeX/texmf-dist/tex/latex/kvsetkeys/kvsetkeys.sty) (/Users/a98455/Library/TinyTeX/texmf-dist/tex/generic/kvdefinekeys/kvdefinekeys.sty) (/Users/a98455/Library/TinyTeX/texmf-dist/tex/generic/pdfescape/pdfescape.sty (/Users/a98455/Library/TinyTeX/texmf-dist/tex/generic/ltxcmds/ltxcmds.sty) (/Users/a98455/Library/TinyTeX/texmf-dist/tex/generic/pdftexcmds/pdftexcmds.sty (/Users/a98455/Library/TinyTeX/texmf-dist/tex/generic/infwarerr/infwarerr.sty))) (/Users/a98455/Library/TinyTeX/texmf-dist/tex/latex/hycolor/hycolor.sty) (/Users/a98455/Library/TinyTeX/texmf-dist/tex/latex/auxhook/auxhook.sty) (/Users/a98455/Library/TinyTeX/texmf-dist/tex/latex/hyperref/nameref.sty (/Users/a98455/Library/TinyTeX/texmf-dist/tex/latex/refcount/refcount.sty) (/Users/a98455/Library/TinyTeX/texmf-dist/tex/generic/gettitlestring/gettitlestring.sty (/Users/a98455/Library/TinyTeX/texmf-dist/tex/latex/kvoptions/kvoptions.sty))) (/Users/a98455/Library/TinyTeX/texmf-dist/tex/latex/etoolbox/etoolbox.sty) (/Users/a98455/Library/TinyTeX/texmf-dist/tex/latex/hyperref/pd1enc.def) (/Users/a98455/Library/TinyTeX/texmf-dist/tex/generic/intcalc/intcalc.sty) (/Users/a98455/Library/TinyTeX/texmf-dist/tex/latex/hyperref/puenc.def) (/Users/a98455/Library/TinyTeX/texmf-dist/tex/generic/bitset/bitset.sty (/Users/a98455/Library/TinyTeX/texmf-dist/tex/generic/bigintcalc/bigintcalc.sty)) (/Users/a98455/Library/TinyTeX/texmf-dist/tex/latex/base/atbegshi-ltx.sty)) (/Users/a98455/Library/TinyTeX/texmf-dist/tex/latex/hyperref/hpdftex.def (/Users/a98455/Library/TinyTeX/texmf-dist/tex/latex/base/atveryend-ltx.sty) (/Users/a98455/Library/TinyTeX/texmf-dist/tex/latex/rerunfilecheck/rerunfilecheck.sty (/Users/a98455/Library/TinyTeX/texmf-dist/tex/generic/uniquecounter/uniquecounter.sty)))) (/Users/a98455/Library/TinyTeX/texmf-dist/tex/latex/base/makeidx.sty) (/Users/a98455/Library/TinyTeX/texmf-dist/tex/latex/base/inputenc.sty)
Writing index file Rd2.idx
(/Users/a98455/Library/TinyTeX/texmf-dist/tex/latex/psnfss/t1ptm.fd) (/Users/a98455/Library/TinyTeX/texmf-dist/tex/latex/l3backend/l3backend-pdftex.def) (/private/var/folders/qs/v17ycjlj49v4jk35kb16_ypm0000gn/T/Rtmpnr4QXz/Rd2pdf8b61458d1bf1/Rd2.aux) (/private/var/folders/qs/v17ycjlj49v4jk35kb16_ypm0000gn/T/Rtmpnr4QXz/Rd2pdf8b61458d1bf1/Rd2.out) (/private/var/folders/qs/v17ycjlj49v4jk35kb16_ypm0000gn/T/Rtmpnr4QXz/Rd2pdf8b61458d1bf1/Rd2.out) (/Users/a98455/Library/TinyTeX/texmf-dist/tex/latex/inconsolata/t1zi4.fd) (/Users/a98455/Library/TinyTeX/texmf-dist/tex/latex/psnfss/ts1ptm.fd) (/Users/a98455/Library/TinyTeX/texmf-dist/tex/latex/amsfonts/umsa.fd) (/Users/a98455/Library/TinyTeX/texmf-dist/tex/latex/amsfonts/umsb.fd) (/Users/a98455/Library/TinyTeX/texmf-dist/tex/latex/psnfss/t1phv.fd) (/private/var/folders/qs/v17ycjlj49v4jk35kb16_ypm0000gn/T/Rtmpnr4QXz/Rd2pdf8b61458d1bf1/Rd2.toc [1{/Users/a98455/Library/TinyTeX/texmf-var/fonts/map/pdftex/updmap/pdftex.map}{/Users/a98455/Library/TinyTeX/texmf-dist/fonts/enc/dvips/base/8r.enc}{/Users/a98455/Library/TinyTeX/texmf-dist/fonts/enc/dvips/inconsolata/i4-t1-0.enc}] [2]) (/Users/a98455/Library/TinyTeX/texmf-dist/tex/latex/inconsolata/ts1zi4.fd) [3{/Users/a98455/Library/TinyTeX/texmf-dist/fonts/enc/dvips/inconsolata/i4-ts1.enc}] [4]
Overfull \hbox (23.98804pt too wide) in paragraph at lines 179--181
[]\T1/ptm/m/n/10 Numeric scalar giv-ing the re-stric-tion hori-zon for RMST. Must not ex-ceed []\T1/zi4/m/n/10 max(times)[]\T1/ptm/m/n/10 . 
[5] [6]
Overfull \hbox (9.37666pt too wide) in paragraph at lines 323--325
[]\T1/ptm/m/n/10 A nu-meric ma-trix of pre-dicted sur-vival prob-a-bil-i-ties (rows = ob-ser-va-tions, columns
[7] [8] [9] [10] [11] [12] [13] [14] [15] [16] [17] [18] [19] [20] [21] [22] [23] [24] [25] [26] [27] [28] [29] [30] [31] [32] [33] [34] [35] [36] [37] [38] [39] [40] [41] [42] [43] [44] [45] [46] [47] [48] [49] [50] [51] [52] [53]
Overfull \hbox (2.7075pt too wide) in paragraph at lines 3112--3113
[]\T1/zi4/m/n/10 event.library.predict[]\T1/ptm/m/n/10 : 3D ar-ray of cross-validated pre-dic-tions from in-di-vid-ual event learn-
[54] [55] [56] [57]
Overfull \hbox (3.96735pt too wide) in paragraph at lines 3413--3415
[]\T1/ptm/m/n/10 Final Pro-duc-tion Wrap-per for Cox-Boost (Tun-able & Ro-bust). Es-ti-mates a Cox model via component-
[58] [59] [60] [61] [62] [63] [64] [65] [66] [67] [68] [69] [70] [71] [72] [73] [74] [75] [76] [77] [78] [79] (/private/var/folders/qs/v17ycjlj49v4jk35kb16_ypm0000gn/T/Rtmpnr4QXz/Rd2pdf8b61458d1bf1/Rd2.ind [80]

LaTeX Font Warning: Font shape `T1/zi4/m/it' undefined
(Font)              using `T1/zi4/m/n' instead on input line 13.

[81] [82]) (/private/var/folders/qs/v17ycjlj49v4jk35kb16_ypm0000gn/T/Rtmpnr4QXz/Rd2pdf8b61458d1bf1/Rd2.aux)

LaTeX Font Warning: Some font shapes were not available, defaults substituted.

 )
(see the transcript file for additional information)
pdfTeX warning (dest): name{Rfn.xgb.train} has been referenced but does not exist, replaced by a fixed one


pdfTeX warning (dest): name{Rfn.survivalsvm} has been referenced but does not exist, replaced by a fixed one


pdfTeX warning (dest): name{Rfn.rpart.control} has been referenced but does not exist, replaced by a fixed one


pdfTeX warning (dest): name{Rfn.rpart} has been referenced but does not exist, replaced by a fixed one


pdfTeX warning (dest): name{Rfn.ranger} has been referenced but does not exist, replaced by a fixed one


pdfTeX warning (dest): name{Rfn.survreg} has been referenced but does not exist, replaced by a fixed one


pdfTeX warning (dest): name{Rfn.survfit} has been referenced but does not exist, replaced by a fixed one


pdfTeX warning (dest): name{Rfn.gbm} has been referenced but does not exist, replaced by a fixed one


pdfTeX warning (dest): name{Rfn.gam} has been referenced but does not exist, replaced by a fixed one


pdfTeX warning (dest): name{Rfn.coxph} has been referenced but does not exist, replaced by a fixed one


pdfTeX warning (dest): name{Rfn.CoxBoost} has been referenced but does not exist, replaced by a fixed one


pdfTeX warning (dest): name{Rfn.mc.surv.bart} has been referenced but does not exist, replaced by a fixed one


pdfTeX warning (dest): name{Rfn.orsf} has been referenced but does not exist, replaced by a fixed one


pdfTeX warning (dest): name{Rfn.rfsrc} has been referenced but does not exist, replaced by a fixed one


pdfTeX warning (dest): name{Rfn.cv.glmnet} has been referenced but does not exist, replaced by a fixed one


pdfTeX warning (dest): name{Rfn.explain.Rul.survival} has been referenced but does not exist, replaced by a fixed one

</Users/a98455/Library/TinyTeX/texmf-dist/fonts/type1/public/inconsolata/Inconsolata-zi4r.pfb></Users/a98455/Library/TinyTeX/texmf-dist/fonts/type1/public/amsfonts/cm/cmex10.pfb></Users/a98455/Library/TinyTeX/texmf-dist/fonts/type1/public/amsfonts/cm/cmmi10.pfb></Users/a98455/Library/TinyTeX/texmf-dist/fonts/type1/public/amsfonts/cm/cmmi7.pfb></Users/a98455/Library/TinyTeX/texmf-dist/fonts/type1/public/amsfonts/cm/cmr10.pfb></Users/a98455/Library/TinyTeX/texmf-dist/fonts/type1/public/amsfonts/cm/cmsy10.pfb></Users/a98455/Library/TinyTeX/texmf-dist/fonts/type1/urw/helvetic/uhvr8a.pfb></Users/a98455/Library/TinyTeX/texmf-dist/fonts/type1/urw/times/utmb8a.pfb></Users/a98455/Library/TinyTeX/texmf-dist/fonts/type1/urw/times/utmr8a.pfb></Users/a98455/Library/TinyTeX/texmf-dist/fonts/type1/urw/times/utmr8a.pfb></Users/a98455/Library/TinyTeX/texmf-dist/fonts/type1/urw/times/utmri8a.pfb>
Output written on Rd2.pdf (82 pages, 274008 bytes).
Transcript written on Rd2.log.
Saving output to ‘SuperSurv-manual.pdf’ ...
Done
You may want to clean up by 'rm -Rf /var/folders/qs/v17ycjlj49v4jk35kb16_ypm0000gn/T//Rtmpnr4QXz/Rd2pdf8b61458d1bf1'
